<?xml version="1.0" encoding="UTF-8"?>
<testng-results ignored="0" total="2" passed="2" failed="0" skipped="0">
  <reporter-output>
  </reporter-output>
  <suite started-at="2019-10-07T17:48:11 IST" name="Default suite" finished-at="2019-10-07T17:48:33 IST" duration-ms="22261">
    <groups>
    </groups>
    <test started-at="2019-10-07T17:48:11 IST" name="Default test" finished-at="2019-10-07T17:48:33 IST" duration-ms="22261">
      <class name="TestNG.DataProviderInTestNG">
        <test-method is-config="true" signature="setUp()[pri:0, instance:TestNG.DataProviderInTestNG@248e319b]" started-at="2019-10-07T17:48:12 IST" name="setUp" finished-at="2019-10-07T17:48:22 IST" duration-ms="9778" status="PASS">
          <reporter-output>
          </reporter-output>
        </test-method> <!-- setUp -->
        <test-method signature="register(java.lang.String, java.lang.String, java.lang.String)[pri:0, instance:TestNG.DataProviderInTestNG@248e319b]" started-at="2019-10-07T17:48:22 IST" name="register" data-provider="getTestData" finished-at="2019-10-07T17:48:22 IST" duration-ms="533" status="PASS">
          <params>
            <param index="0">
              <value>
                <![CDATA[Tom]]>
              </value>
            </param>
            <param index="1">
              <value>
                <![CDATA[Tony]]>
              </value>
            </param>
            <param index="2">
              <value>
                <![CDATA[tom@tony.com]]>
              </value>
            </param>
          </params>
          <reporter-output>
          </reporter-output>
        </test-method> <!-- register -->
        <test-method is-config="true" signature="tearDown()[pri:0, instance:TestNG.DataProviderInTestNG@248e319b]" started-at="2019-10-07T17:48:22 IST" name="tearDown" finished-at="2019-10-07T17:48:23 IST" duration-ms="838" status="PASS">
          <reporter-output>
          </reporter-output>
        </test-method> <!-- tearDown -->
        <test-method is-config="true" signature="setUp()[pri:0, instance:TestNG.DataProviderInTestNG@248e319b]" started-at="2019-10-07T17:48:23 IST" name="setUp" finished-at="2019-10-07T17:48:32 IST" duration-ms="9100" status="PASS">
          <reporter-output>
          </reporter-output>
        </test-method> <!-- setUp -->
        <test-method signature="register(java.lang.String, java.lang.String, java.lang.String)[pri:0, instance:TestNG.DataProviderInTestNG@248e319b]" started-at="2019-10-07T17:48:32 IST" name="register" data-provider="getTestData" finished-at="2019-10-07T17:48:33 IST" duration-ms="541" status="PASS">
          <params>
            <param index="0">
              <value>
                <![CDATA[Rose]]>
              </value>
            </param>
            <param index="1">
              <value>
                <![CDATA[Jack]]>
              </value>
            </param>
            <param index="2">
              <value>
                <![CDATA[jack@rose.com]]>
              </value>
            </param>
          </params>
          <reporter-output>
          </reporter-output>
        </test-method> <!-- register -->
        <test-method is-config="true" signature="tearDown()[pri:0, instance:TestNG.DataProviderInTestNG@248e319b]" started-at="2019-10-07T17:48:33 IST" name="tearDown" finished-at="2019-10-07T17:48:33 IST" duration-ms="808" status="PASS">
          <reporter-output>
          </reporter-output>
        </test-method> <!-- tearDown -->
      </class> <!-- TestNG.DataProviderInTestNG -->
    </test> <!-- Default test -->
  </suite> <!-- Default suite -->
</testng-results>
